  context.c
  egl_context.c
  init.c
  input.c
  monitor.c
  null_init.c
  null_joystick.c
  null_monitor.c
  null_window.c
  osmesa_context.c
  platform.c
  vulkan.c
  wgl_context.c
  win32_init.c
  win32_joystick.c
  win32_module.c
  win32_monitor.c
  win32_thread.c
  win32_time.c
  win32_window.c
D:\Seminarkurs\Client\core\lib\GLFW\src\win32_window.c(555,119): warning C4047: 'function': 'DWORD' differs in levels of indirection from 'void *'
D:\Seminarkurs\Client\core\lib\GLFW\src\win32_window.c(555,115): warning C4024: 'AdjustWindowRectEx': different types for formal and actual parameter 4
D:\Seminarkurs\Client\core\lib\GLFW\src\win32_window.c(565,17): warning C4013: 'DwmExtendFrameIntoClientArea' undefined; assuming extern returning int
  Generating Code...
  Compiling...
  window.c
  Generating Code...
  GLFW.vcxproj -> D:\Seminarkurs\Client\core\lib\GLFW\bin\Release-windows-x86_64\GLFW\GLFW.lib
