VM start event not sent yet: dropping APPDOMAIN_CREATE
[00000000000026A0] Thread started, obj=000001FDE50F0130, tls=000001FDDC1ECE00.
VM start event not sent yet: dropping THREAD_START
[00000000000026A0] Suspended.
[00000000000026A0] Resumed.
VM start event not sent yet: dropping ASSEMBLY_LOAD
VM start event not sent yet: dropping TYPE_LOAD
VM start event not sent yet: dropping TYPE_LOAD
VM start event not sent yet: dropping TYPE_LOAD
VM start event not sent yet: dropping TYPE_LOAD
VM start event not sent yet: dropping TYPE_LOAD
VM start event not sent yet: dropping TYPE_LOAD
VM start event not sent yet: dropping TYPE_LOAD
VM start event not sent yet: dropping TYPE_LOAD
[00000000000065CC] Thread started, obj=000001FDE50F0278, tls=000001FDDC23FFB0.
VM start event not sent yet: dropping THREAD_START
[00000000000065CC] Suspended.
[00000000000065CC] Resumed.
Debugger client is not connected: dropping VM_START
[dbg] Agent thread started, pid=0000000000004F3C
VM start event not sent yet: dropping APPDOMAIN_CREATE
VM start event not sent yet: dropping TYPE_LOAD
VM start event not sent yet: dropping TYPE_LOAD
VM start event not sent yet: dropping TYPE_LOAD
VM start event not sent yet: dropping TYPE_LOAD
VM start event not sent yet: dropping TYPE_LOAD
VM start event not sent yet: dropping TYPE_LOAD
VM start event not sent yet: dropping TYPE_LOAD
VM start event not sent yet: dropping TYPE_LOAD
VM start event not sent yet: dropping ASSEMBLY_LOAD
VM start event not sent yet: dropping TYPE_LOAD
VM start event not sent yet: dropping TYPE_LOAD
VM start event not sent yet: dropping TYPE_LOAD
VM start event not sent yet: dropping EXCEPTION
VM start event not sent yet: dropping EXCEPTION
VM start event not sent yet: dropping EXCEPTION
VM start event not sent yet: dropping TYPE_LOAD
VM start event not sent yet: dropping EXCEPTION
VM start event not sent yet: dropping EXCEPTION
VM start event not sent yet: dropping EXCEPTION
VM start event not sent yet: dropping TYPE_LOAD
VM start event not sent yet: dropping EXCEPTION
VM start event not sent yet: dropping EXCEPTION
VM start event not sent yet: dropping EXCEPTION
VM start event not sent yet: dropping EXCEPTION
VM start event not sent yet: dropping EXCEPTION
VM start event not sent yet: dropping EXCEPTION
VM start event not sent yet: dropping EXCEPTION
VM start event not sent yet: dropping EXCEPTION
VM start event not sent yet: dropping TYPE_LOAD
VM start event not sent yet: dropping EXCEPTION
VM start event not sent yet: dropping EXCEPTION
VM start event not sent yet: dropping TYPE_LOAD
VM start event not sent yet: dropping EXCEPTION
VM start event not sent yet: dropping EXCEPTION
VM start event not sent yet: dropping EXCEPTION
VM start event not sent yet: dropping TYPE_LOAD
VM start event not sent yet: dropping EXCEPTION
VM start event not sent yet: dropping EXCEPTION
VM start event not sent yet: dropping EXCEPTION
VM start event not sent yet: dropping TYPE_LOAD
VM start event not sent yet: dropping EXCEPTION
VM start event not sent yet: dropping TYPE_LOAD
VM start event not sent yet: dropping TYPE_LOAD
VM start event not sent yet: dropping TYPE_LOAD
VM start event not sent yet: dropping ASSEMBLY_LOAD
VM start event not sent yet: dropping TYPE_LOAD
VM start event not sent yet: dropping TYPE_LOAD
VM start event not sent yet: dropping TYPE_LOAD
VM start event not sent yet: dropping TYPE_LOAD
VM start event not sent yet: dropping TYPE_LOAD
[0000000000002530] Thread started, obj=000001FDE50F0508, tls=000001FDE52BE480.
VM start event not sent yet: dropping THREAD_START
[0000000000002530] Suspended.
[0000000000002530] Resumed.
VM start event not sent yet: dropping TYPE_LOAD
VM start event not sent yet: dropping TYPE_LOAD
VM start event not sent yet: dropping TYPE_LOAD
VM start event not sent yet: dropping TYPE_LOAD
VM start event not sent yet: dropping TYPE_LOAD
VM start event not sent yet: dropping TYPE_LOAD
VM start event not sent yet: dropping TYPE_LOAD
VM start event not sent yet: dropping TYPE_LOAD
VM start event not sent yet: dropping TYPE_LOAD
VM start event not sent yet: dropping TYPE_LOAD
VM start event not sent yet: dropping TYPE_LOAD
VM start event not sent yet: dropping TYPE_LOAD
VM start event not sent yet: dropping TYPE_LOAD
VM start event not sent yet: dropping TYPE_LOAD
VM start event not sent yet: dropping TYPE_LOAD
VM start event not sent yet: dropping TYPE_LOAD
VM start event not sent yet: dropping TYPE_LOAD
VM start event not sent yet: dropping TYPE_LOAD
VM start event not sent yet: dropping TYPE_LOAD
VM start event not sent yet: dropping TYPE_LOAD
VM start event not sent yet: dropping TYPE_LOAD
VM start event not sent yet: dropping TYPE_LOAD
VM start event not sent yet: dropping TYPE_LOAD
VM start event not sent yet: dropping TYPE_LOAD
VM start event not sent yet: dropping ASSEMBLY_UNLOAD
VM start event not sent yet: dropping ASSEMBLY_UNLOAD
VM start event not sent yet: dropping APPDOMAIN_UNLOAD
[0000000000002530] Thread terminated, obj=000001FDE50F0508, tls=000001FDE52BE480 (domain=000001FDDC0CE480).
VM start event not sent yet: dropping THREAD_DEATH
VM start event not sent yet: dropping APPDOMAIN_CREATE
VM start event not sent yet: dropping TYPE_LOAD
VM start event not sent yet: dropping TYPE_LOAD
VM start event not sent yet: dropping TYPE_LOAD
VM start event not sent yet: dropping TYPE_LOAD
VM start event not sent yet: dropping TYPE_LOAD
VM start event not sent yet: dropping TYPE_LOAD
VM start event not sent yet: dropping TYPE_LOAD
VM start event not sent yet: dropping TYPE_LOAD
VM start event not sent yet: dropping ASSEMBLY_LOAD
VM start event not sent yet: dropping TYPE_LOAD
VM start event not sent yet: dropping TYPE_LOAD
VM start event not sent yet: dropping TYPE_LOAD
VM start event not sent yet: dropping EXCEPTION
VM start event not sent yet: dropping EXCEPTION
VM start event not sent yet: dropping EXCEPTION
VM start event not sent yet: dropping TYPE_LOAD
VM start event not sent yet: dropping EXCEPTION
VM start event not sent yet: dropping EXCEPTION
VM start event not sent yet: dropping EXCEPTION
VM start event not sent yet: dropping TYPE_LOAD
VM start event not sent yet: dropping EXCEPTION
VM start event not sent yet: dropping EXCEPTION
VM start event not sent yet: dropping EXCEPTION
VM start event not sent yet: dropping EXCEPTION
VM start event not sent yet: dropping EXCEPTION
VM start event not sent yet: dropping EXCEPTION
VM start event not sent yet: dropping EXCEPTION
VM start event not sent yet: dropping EXCEPTION
VM start event not sent yet: dropping TYPE_LOAD
VM start event not sent yet: dropping EXCEPTION
VM start event not sent yet: dropping EXCEPTION
VM start event not sent yet: dropping TYPE_LOAD
VM start event not sent yet: dropping EXCEPTION
VM start event not sent yet: dropping EXCEPTION
VM start event not sent yet: dropping EXCEPTION
VM start event not sent yet: dropping TYPE_LOAD
VM start event not sent yet: dropping EXCEPTION
VM start event not sent yet: dropping EXCEPTION
VM start event not sent yet: dropping EXCEPTION
VM start event not sent yet: dropping TYPE_LOAD
VM start event not sent yet: dropping EXCEPTION
VM start event not sent yet: dropping TYPE_LOAD
VM start event not sent yet: dropping TYPE_LOAD
VM start event not sent yet: dropping TYPE_LOAD
VM start event not sent yet: dropping ASSEMBLY_LOAD
VM start event not sent yet: dropping TYPE_LOAD
VM start event not sent yet: dropping TYPE_LOAD
VM start event not sent yet: dropping TYPE_LOAD
VM start event not sent yet: dropping TYPE_LOAD
VM start event not sent yet: dropping TYPE_LOAD
VM start event not sent yet: dropping TYPE_LOAD
VM start event not sent yet: dropping TYPE_LOAD
VM start event not sent yet: dropping TYPE_LOAD
VM start event not sent yet: dropping TYPE_LOAD
VM start event not sent yet: dropping TYPE_LOAD
VM start event not sent yet: dropping TYPE_LOAD
VM start event not sent yet: dropping TYPE_LOAD
VM start event not sent yet: dropping TYPE_LOAD
VM start event not sent yet: dropping TYPE_LOAD
VM start event not sent yet: dropping TYPE_LOAD
VM start event not sent yet: dropping TYPE_LOAD
VM start event not sent yet: dropping TYPE_LOAD
VM start event not sent yet: dropping TYPE_LOAD
VM start event not sent yet: dropping TYPE_LOAD
VM start event not sent yet: dropping TYPE_LOAD
VM start event not sent yet: dropping TYPE_LOAD
VM start event not sent yet: dropping TYPE_LOAD
VM start event not sent yet: dropping TYPE_LOAD
VM start event not sent yet: dropping TYPE_LOAD
VM start event not sent yet: dropping TYPE_LOAD
VM start event not sent yet: dropping TYPE_LOAD
VM start event not sent yet: dropping TYPE_LOAD
VM start event not sent yet: dropping TYPE_LOAD
VM start event not sent yet: dropping TYPE_LOAD
VM start event not sent yet: dropping TYPE_LOAD
[0000000000004E9C] Thread started, obj=000001FDE50F0650, tls=000001FDE5639B20.
VM start event not sent yet: dropping THREAD_START
[0000000000004E9C] Suspended.
[0000000000004E9C] Resumed.
VM start event not sent yet: dropping TYPE_LOAD
VM start event not sent yet: dropping TYPE_LOAD
VM start event not sent yet: dropping TYPE_LOAD
VM start event not sent yet: dropping TYPE_LOAD
VM start event not sent yet: dropping TYPE_LOAD
VM start event not sent yet: dropping TYPE_LOAD
VM start event not sent yet: dropping TYPE_LOAD
VM start event not sent yet: dropping TYPE_LOAD
VM start event not sent yet: dropping TYPE_LOAD
VM start event not sent yet: dropping TYPE_LOAD
VM start event not sent yet: dropping ASSEMBLY_UNLOAD
VM start event not sent yet: dropping ASSEMBLY_UNLOAD
VM start event not sent yet: dropping APPDOMAIN_UNLOAD
[0000000000004E9C] Thread terminated, obj=000001FDE50F0650, tls=000001FDE5639B20 (domain=000001FDDC0CE480).
VM start event not sent yet: dropping THREAD_DEATH
VM start event not sent yet: dropping TYPE_LOAD
VM start event not sent yet: dropping TYPE_LOAD
VM start event not sent yet: dropping TYPE_LOAD
VM start event not sent yet: dropping TYPE_LOAD
VM start event not sent yet: dropping TYPE_LOAD
VM start event not sent yet: dropping TYPE_LOAD
VM start event not sent yet: dropping TYPE_LOAD
VM start event not sent yet: dropping TYPE_LOAD
VM start event not sent yet: dropping TYPE_LOAD
VM start event not sent yet: dropping TYPE_LOAD
VM start event not sent yet: dropping TYPE_LOAD
VM start event not sent yet: dropping TYPE_LOAD
VM start event not sent yet: dropping TYPE_LOAD
VM start event not sent yet: dropping TYPE_LOAD
VM start event not sent yet: dropping TYPE_LOAD
VM start event not sent yet: dropping TYPE_LOAD
VM start event not sent yet: dropping TYPE_LOAD
VM start event not sent yet: dropping TYPE_LOAD
VM start event not sent yet: dropping TYPE_LOAD
VM start event not sent yet: dropping TYPE_LOAD
VM start event not sent yet: dropping TYPE_LOAD
VM start event not sent yet: dropping TYPE_LOAD
VM start event not sent yet: dropping TYPE_LOAD
VM start event not sent yet: dropping TYPE_LOAD
VM start event not sent yet: dropping TYPE_LOAD
VM start event not sent yet: dropping TYPE_LOAD
VM start event not sent yet: dropping TYPE_LOAD
[00000000000065CC] Thread terminated, obj=000001FDE50F0278, tls=000001FDDC23FFB0 (domain=000001FDDC0CE480).
VM start event not sent yet: dropping THREAD_DEATH
VM start event not sent yet: dropping VM_DEATH
Accepted connection on -1
[dbg] Bad client connection
[dbg] Can't attach, aborting debugger thread.
[dbg] Debugger thread exited.
