VM start event not sent yet: dropping APPDOMAIN_CREATE
[0000000000002778] Thread started, obj=0000020447610130, tls=000002043E75BC80.
VM start event not sent yet: dropping THREAD_START
[0000000000002778] Suspended.
[0000000000002778] Resumed.
VM start event not sent yet: dropping ASSEMBLY_LOAD
VM start event not sent yet: dropping TYPE_LOAD
VM start event not sent yet: dropping TYPE_LOAD
VM start event not sent yet: dropping TYPE_LOAD
VM start event not sent yet: dropping TYPE_LOAD
VM start event not sent yet: dropping TYPE_LOAD
VM start event not sent yet: dropping TYPE_LOAD
VM start event not sent yet: dropping TYPE_LOAD
VM start event not sent yet: dropping TYPE_LOAD
[00000000000085BC] Thread started, obj=0000020447610278, tls=000002043E798E80.
VM start event not sent yet: dropping THREAD_START
[00000000000085BC] Suspended.
[00000000000085BC] Resumed.
Debugger client is not connected: dropping VM_START
[dbg] Agent thread started, pid=0000000000007990
VM start event not sent yet: dropping APPDOMAIN_CREATE
VM start event not sent yet: dropping TYPE_LOAD
VM start event not sent yet: dropping TYPE_LOAD
VM start event not sent yet: dropping TYPE_LOAD
VM start event not sent yet: dropping TYPE_LOAD
VM start event not sent yet: dropping TYPE_LOAD
VM start event not sent yet: dropping TYPE_LOAD
VM start event not sent yet: dropping TYPE_LOAD
VM start event not sent yet: dropping TYPE_LOAD
VM start event not sent yet: dropping ASSEMBLY_LOAD
VM start event not sent yet: dropping TYPE_LOAD
VM start event not sent yet: dropping TYPE_LOAD
VM start event not sent yet: dropping TYPE_LOAD
VM start event not sent yet: dropping EXCEPTION
VM start event not sent yet: dropping EXCEPTION
VM start event not sent yet: dropping EXCEPTION
VM start event not sent yet: dropping TYPE_LOAD
VM start event not sent yet: dropping EXCEPTION
VM start event not sent yet: dropping EXCEPTION
VM start event not sent yet: dropping EXCEPTION
VM start event not sent yet: dropping TYPE_LOAD
VM start event not sent yet: dropping EXCEPTION
VM start event not sent yet: dropping EXCEPTION
VM start event not sent yet: dropping EXCEPTION
VM start event not sent yet: dropping EXCEPTION
VM start event not sent yet: dropping EXCEPTION
VM start event not sent yet: dropping EXCEPTION
VM start event not sent yet: dropping EXCEPTION
VM start event not sent yet: dropping EXCEPTION
VM start event not sent yet: dropping TYPE_LOAD
VM start event not sent yet: dropping EXCEPTION
VM start event not sent yet: dropping EXCEPTION
VM start event not sent yet: dropping TYPE_LOAD
VM start event not sent yet: dropping EXCEPTION
VM start event not sent yet: dropping EXCEPTION
VM start event not sent yet: dropping EXCEPTION
VM start event not sent yet: dropping TYPE_LOAD
VM start event not sent yet: dropping EXCEPTION
VM start event not sent yet: dropping EXCEPTION
VM start event not sent yet: dropping EXCEPTION
VM start event not sent yet: dropping TYPE_LOAD
VM start event not sent yet: dropping EXCEPTION
VM start event not sent yet: dropping TYPE_LOAD
VM start event not sent yet: dropping TYPE_LOAD
VM start event not sent yet: dropping EXCEPTION
VM start event not sent yet: dropping TYPE_LOAD
VM start event not sent yet: dropping TYPE_LOAD
VM start event not sent yet: dropping TYPE_LOAD
VM start event not sent yet: dropping ASSEMBLY_LOAD
VM start event not sent yet: dropping TYPE_LOAD
VM start event not sent yet: dropping TYPE_LOAD
VM start event not sent yet: dropping TYPE_LOAD
VM start event not sent yet: dropping TYPE_LOAD
VM start event not sent yet: dropping TYPE_LOAD
[00000000000092D4] Thread started, obj=0000020447610508, tls=0000020447D0CDD0.
VM start event not sent yet: dropping THREAD_START
[00000000000092D4] Suspended.
[00000000000092D4] Resumed.
VM start event not sent yet: dropping TYPE_LOAD
VM start event not sent yet: dropping TYPE_LOAD
VM start event not sent yet: dropping TYPE_LOAD
VM start event not sent yet: dropping TYPE_LOAD
VM start event not sent yet: dropping TYPE_LOAD
VM start event not sent yet: dropping TYPE_LOAD
VM start event not sent yet: dropping TYPE_LOAD
VM start event not sent yet: dropping TYPE_LOAD
VM start event not sent yet: dropping TYPE_LOAD
VM start event not sent yet: dropping TYPE_LOAD
VM start event not sent yet: dropping TYPE_LOAD
VM start event not sent yet: dropping TYPE_LOAD
VM start event not sent yet: dropping TYPE_LOAD
VM start event not sent yet: dropping TYPE_LOAD
VM start event not sent yet: dropping TYPE_LOAD
VM start event not sent yet: dropping TYPE_LOAD
VM start event not sent yet: dropping TYPE_LOAD
VM start event not sent yet: dropping TYPE_LOAD
VM start event not sent yet: dropping TYPE_LOAD
VM start event not sent yet: dropping TYPE_LOAD
VM start event not sent yet: dropping TYPE_LOAD
VM start event not sent yet: dropping TYPE_LOAD
VM start event not sent yet: dropping TYPE_LOAD
VM start event not sent yet: dropping TYPE_LOAD
VM start event not sent yet: dropping ASSEMBLY_UNLOAD
VM start event not sent yet: dropping ASSEMBLY_UNLOAD
VM start event not sent yet: dropping APPDOMAIN_UNLOAD
[00000000000092D4] Thread terminated, obj=0000020447610508, tls=0000020447D0CDD0 (domain=000002043E5DD9E0).
VM start event not sent yet: dropping THREAD_DEATH
VM start event not sent yet: dropping APPDOMAIN_CREATE
VM start event not sent yet: dropping TYPE_LOAD
VM start event not sent yet: dropping TYPE_LOAD
VM start event not sent yet: dropping TYPE_LOAD
VM start event not sent yet: dropping TYPE_LOAD
VM start event not sent yet: dropping TYPE_LOAD
VM start event not sent yet: dropping TYPE_LOAD
VM start event not sent yet: dropping TYPE_LOAD
VM start event not sent yet: dropping TYPE_LOAD
VM start event not sent yet: dropping ASSEMBLY_LOAD
VM start event not sent yet: dropping TYPE_LOAD
VM start event not sent yet: dropping TYPE_LOAD
VM start event not sent yet: dropping TYPE_LOAD
VM start event not sent yet: dropping EXCEPTION
VM start event not sent yet: dropping EXCEPTION
VM start event not sent yet: dropping EXCEPTION
VM start event not sent yet: dropping TYPE_LOAD
VM start event not sent yet: dropping EXCEPTION
VM start event not sent yet: dropping EXCEPTION
VM start event not sent yet: dropping EXCEPTION
VM start event not sent yet: dropping TYPE_LOAD
VM start event not sent yet: dropping EXCEPTION
VM start event not sent yet: dropping EXCEPTION
VM start event not sent yet: dropping EXCEPTION
VM start event not sent yet: dropping EXCEPTION
VM start event not sent yet: dropping EXCEPTION
VM start event not sent yet: dropping EXCEPTION
VM start event not sent yet: dropping EXCEPTION
VM start event not sent yet: dropping EXCEPTION
VM start event not sent yet: dropping TYPE_LOAD
VM start event not sent yet: dropping EXCEPTION
VM start event not sent yet: dropping EXCEPTION
VM start event not sent yet: dropping TYPE_LOAD
VM start event not sent yet: dropping EXCEPTION
VM start event not sent yet: dropping EXCEPTION
VM start event not sent yet: dropping EXCEPTION
VM start event not sent yet: dropping TYPE_LOAD
VM start event not sent yet: dropping EXCEPTION
VM start event not sent yet: dropping EXCEPTION
VM start event not sent yet: dropping EXCEPTION
VM start event not sent yet: dropping TYPE_LOAD
VM start event not sent yet: dropping EXCEPTION
VM start event not sent yet: dropping TYPE_LOAD
VM start event not sent yet: dropping TYPE_LOAD
VM start event not sent yet: dropping EXCEPTION
VM start event not sent yet: dropping TYPE_LOAD
VM start event not sent yet: dropping TYPE_LOAD
VM start event not sent yet: dropping TYPE_LOAD
VM start event not sent yet: dropping ASSEMBLY_LOAD
VM start event not sent yet: dropping TYPE_LOAD
VM start event not sent yet: dropping TYPE_LOAD
VM start event not sent yet: dropping TYPE_LOAD
VM start event not sent yet: dropping TYPE_LOAD
VM start event not sent yet: dropping TYPE_LOAD
VM start event not sent yet: dropping TYPE_LOAD
VM start event not sent yet: dropping TYPE_LOAD
VM start event not sent yet: dropping TYPE_LOAD
VM start event not sent yet: dropping TYPE_LOAD
VM start event not sent yet: dropping TYPE_LOAD
VM start event not sent yet: dropping TYPE_LOAD
VM start event not sent yet: dropping TYPE_LOAD
VM start event not sent yet: dropping TYPE_LOAD
VM start event not sent yet: dropping TYPE_LOAD
VM start event not sent yet: dropping TYPE_LOAD
VM start event not sent yet: dropping TYPE_LOAD
VM start event not sent yet: dropping TYPE_LOAD
VM start event not sent yet: dropping TYPE_LOAD
VM start event not sent yet: dropping TYPE_LOAD
VM start event not sent yet: dropping TYPE_LOAD
VM start event not sent yet: dropping TYPE_LOAD
VM start event not sent yet: dropping TYPE_LOAD
VM start event not sent yet: dropping TYPE_LOAD
VM start event not sent yet: dropping TYPE_LOAD
VM start event not sent yet: dropping TYPE_LOAD
VM start event not sent yet: dropping TYPE_LOAD
VM start event not sent yet: dropping TYPE_LOAD
VM start event not sent yet: dropping TYPE_LOAD
VM start event not sent yet: dropping TYPE_LOAD
VM start event not sent yet: dropping TYPE_LOAD
[00000000000048F8] Thread started, obj=0000020447610650, tls=0000020447A45FB0.
VM start event not sent yet: dropping THREAD_START
[00000000000048F8] Suspended.
[00000000000048F8] Resumed.
VM start event not sent yet: dropping TYPE_LOAD
VM start event not sent yet: dropping TYPE_LOAD
VM start event not sent yet: dropping TYPE_LOAD
VM start event not sent yet: dropping TYPE_LOAD
VM start event not sent yet: dropping TYPE_LOAD
VM start event not sent yet: dropping TYPE_LOAD
VM start event not sent yet: dropping TYPE_LOAD
VM start event not sent yet: dropping TYPE_LOAD
VM start event not sent yet: dropping TYPE_LOAD
VM start event not sent yet: dropping TYPE_LOAD
VM start event not sent yet: dropping ASSEMBLY_UNLOAD
VM start event not sent yet: dropping ASSEMBLY_UNLOAD
VM start event not sent yet: dropping APPDOMAIN_UNLOAD
[00000000000048F8] Thread terminated, obj=0000020447610650, tls=0000020447A45FB0 (domain=000002043E5DD9E0).
VM start event not sent yet: dropping THREAD_DEATH
VM start event not sent yet: dropping TYPE_LOAD
VM start event not sent yet: dropping TYPE_LOAD
VM start event not sent yet: dropping TYPE_LOAD
VM start event not sent yet: dropping TYPE_LOAD
VM start event not sent yet: dropping TYPE_LOAD
VM start event not sent yet: dropping TYPE_LOAD
VM start event not sent yet: dropping TYPE_LOAD
VM start event not sent yet: dropping TYPE_LOAD
VM start event not sent yet: dropping TYPE_LOAD
VM start event not sent yet: dropping TYPE_LOAD
VM start event not sent yet: dropping TYPE_LOAD
VM start event not sent yet: dropping TYPE_LOAD
VM start event not sent yet: dropping TYPE_LOAD
VM start event not sent yet: dropping TYPE_LOAD
VM start event not sent yet: dropping TYPE_LOAD
VM start event not sent yet: dropping TYPE_LOAD
VM start event not sent yet: dropping TYPE_LOAD
VM start event not sent yet: dropping TYPE_LOAD
VM start event not sent yet: dropping TYPE_LOAD
VM start event not sent yet: dropping TYPE_LOAD
VM start event not sent yet: dropping TYPE_LOAD
VM start event not sent yet: dropping TYPE_LOAD
VM start event not sent yet: dropping TYPE_LOAD
VM start event not sent yet: dropping TYPE_LOAD
VM start event not sent yet: dropping TYPE_LOAD
VM start event not sent yet: dropping TYPE_LOAD
VM start event not sent yet: dropping TYPE_LOAD
[00000000000085BC] Thread terminated, obj=0000020447610278, tls=000002043E798E80 (domain=000002043E5DD9E0).
VM start event not sent yet: dropping THREAD_DEATH
VM start event not sent yet: dropping VM_DEATH
Accepted connection on -1
[dbg] Bad client connection
[dbg] Can't attach, aborting debugger thread.
[dbg] Debugger thread exited.
